<?xml version="1.0" encoding="UTF-8"?>
<testng-results total="3" passed="3" failed="0" skipped="0">
  <reporter-output>
  </reporter-output>
  <suite started-at="2022-10-30T07:24:18Z" name="Default suite" finished-at="2022-10-30T07:25:19Z" duration-ms="61370">
    <groups>
    </groups>
    <test started-at="2022-10-30T07:24:18Z" name="Default test" finished-at="2022-10-30T07:25:19Z" duration-ms="61370">
      <class name="CASE_STUDY.One_CS">
        <test-method is-config="true" signature="start()[pri:0, instance:CASE_STUDY.One_CS@7fcf2fc1]" started-at="2022-10-30T12:54:18Z" name="start" finished-at="2022-10-30T12:54:46Z" duration-ms="27538" status="PASS">
          <reporter-output>
          </reporter-output>
        </test-method> <!-- start -->
        <test-method signature="mac()[pri:0, instance:CASE_STUDY.One_CS@7fcf2fc1]" started-at="2022-10-30T12:54:46Z" name="mac" finished-at="2022-10-30T12:54:57Z" duration-ms="11276" status="PASS">
          <reporter-output>
          </reporter-output>
        </test-method> <!-- mac -->
        <test-method signature="mac1()[pri:0, instance:CASE_STUDY.One_CS@7fcf2fc1]" started-at="2022-10-30T12:54:57Z" name="mac1" finished-at="2022-10-30T12:54:58Z" duration-ms="1514" status="PASS">
          <reporter-output>
          </reporter-output>
        </test-method> <!-- mac1 -->
        <test-method signature="mac2()[pri:0, instance:CASE_STUDY.One_CS@7fcf2fc1]" started-at="2022-10-30T12:54:58Z" name="mac2" finished-at="2022-10-30T12:55:09Z" duration-ms="10270" status="PASS">
          <reporter-output>
          </reporter-output>
        </test-method> <!-- mac2 -->
        <test-method is-config="true" signature="stop()[pri:0, instance:CASE_STUDY.One_CS@7fcf2fc1]" started-at="2022-10-30T12:55:09Z" name="stop" finished-at="2022-10-30T12:55:19Z" duration-ms="10690" status="PASS">
          <reporter-output>
          </reporter-output>
        </test-method> <!-- stop -->
      </class> <!-- CASE_STUDY.One_CS -->
    </test> <!-- Default test -->
  </suite> <!-- Default suite -->
</testng-results>
